Analysis & Synthesis report for mainUla
Thu Dec 13 11:05:21 2018
Quartus II Version 9.1 Build 350 03/24/2010 Service Pack 2 SJ Web Edition


---------------------
; Table of Contents ;
---------------------
  1. Legal Notice
  2. Analysis & Synthesis Summary
  3. Analysis & Synthesis Settings
  4. Parallel Compilation
  5. Analysis & Synthesis Source Files Read
  6. Analysis & Synthesis Resource Usage Summary
  7. Analysis & Synthesis Resource Utilization by Entity
  8. User-Specified and Inferred Latches
  9. General Register Statistics
 10. Multiplexer Restructuring Statistics (Restructuring Performed)
 11. Analysis & Synthesis Messages



----------------
; Legal Notice ;
----------------
Copyright (C) 1991-2010 Altera Corporation
Your use of Altera Corporation's design tools, logic functions 
and other software and tools, and its AMPP partner logic 
functions, and any output files from any of the foregoing 
(including device programming or simulation files), and any 
associated documentation or information are expressly subject 
to the terms and conditions of the Altera Program License 
Subscription Agreement, Altera MegaCore Function License 
Agreement, or other applicable license agreement, including, 
without limitation, that your use is for the sole purpose of 
programming logic devices manufactured by Altera and sold by 
Altera or its authorized distributors.  Please refer to the 
applicable agreement for further details.



+-----------------------------------------------------------------------------------+
; Analysis & Synthesis Summary                                                      ;
+------------------------------------+----------------------------------------------+
; Analysis & Synthesis Status        ; Successful - Thu Dec 13 11:05:21 2018        ;
; Quartus II Version                 ; 9.1 Build 350 03/24/2010 SP 2 SJ Web Edition ;
; Revision Name                      ; mainUla                                      ;
; Top-level Entity Name              ; mainUla                                      ;
; Family                             ; Cyclone II                                   ;
; Total logic elements               ; 59                                           ;
;     Total combinational functions  ; 59                                           ;
;     Dedicated logic registers      ; 12                                           ;
; Total registers                    ; 12                                           ;
; Total pins                         ; 45                                           ;
; Total virtual pins                 ; 0                                            ;
; Total memory bits                  ; 0                                            ;
; Embedded Multiplier 9-bit elements ; 0                                            ;
; Total PLLs                         ; 0                                            ;
+------------------------------------+----------------------------------------------+


+----------------------------------------------------------------------------------------------------------------------+
; Analysis & Synthesis Settings                                                                                        ;
+----------------------------------------------------------------------------+--------------------+--------------------+
; Option                                                                     ; Setting            ; Default Value      ;
+----------------------------------------------------------------------------+--------------------+--------------------+
; Device                                                                     ; EP2C70F896C6       ;                    ;
; Top-level entity name                                                      ; mainUla            ; mainUla            ;
; Family name                                                                ; Cyclone II         ; Stratix II         ;
; Use Generated Physical Constraints File                                    ; Off                ;                    ;
; Use smart compilation                                                      ; Off                ; Off                ;
; Enable parallel Assembler and TimeQuest Timing Analyzer during compilation ; On                 ; On                 ;
; Enable compact report table                                                ; Off                ; Off                ;
; Restructure Multiplexers                                                   ; Auto               ; Auto               ;
; Create Debugging Nodes for IP Cores                                        ; Off                ; Off                ;
; Preserve fewer node names                                                  ; On                 ; On                 ;
; Disable OpenCore Plus hardware evaluation                                  ; Off                ; Off                ;
; Verilog Version                                                            ; Verilog_2001       ; Verilog_2001       ;
; VHDL Version                                                               ; VHDL_1993          ; VHDL_1993          ;
; State Machine Processing                                                   ; Auto               ; Auto               ;
; Safe State Machine                                                         ; Off                ; Off                ;
; Extract Verilog State Machines                                             ; On                 ; On                 ;
; Extract VHDL State Machines                                                ; On                 ; On                 ;
; Ignore Verilog initial constructs                                          ; Off                ; Off                ;
; Iteration limit for constant Verilog loops                                 ; 5000               ; 5000               ;
; Iteration limit for non-constant Verilog loops                             ; 250                ; 250                ;
; Add Pass-Through Logic to Inferred RAMs                                    ; On                 ; On                 ;
; Parallel Synthesis                                                         ; On                 ; On                 ;
; DSP Block Balancing                                                        ; Auto               ; Auto               ;
; NOT Gate Push-Back                                                         ; On                 ; On                 ;
; Power-Up Don't Care                                                        ; On                 ; On                 ;
; Remove Redundant Logic Cells                                               ; Off                ; Off                ;
; Remove Duplicate Registers                                                 ; On                 ; On                 ;
; Ignore CARRY Buffers                                                       ; Off                ; Off                ;
; Ignore CASCADE Buffers                                                     ; Off                ; Off                ;
; Ignore GLOBAL Buffers                                                      ; Off                ; Off                ;
; Ignore ROW GLOBAL Buffers                                                  ; Off                ; Off                ;
; Ignore LCELL Buffers                                                       ; Off                ; Off                ;
; Ignore SOFT Buffers                                                        ; On                 ; On                 ;
; Limit AHDL Integers to 32 Bits                                             ; Off                ; Off                ;
; Optimization Technique                                                     ; Balanced           ; Balanced           ;
; Carry Chain Length                                                         ; 70                 ; 70                 ;
; Auto Carry Chains                                                          ; On                 ; On                 ;
; Auto Open-Drain Pins                                                       ; On                 ; On                 ;
; Perform WYSIWYG Primitive Resynthesis                                      ; Off                ; Off                ;
; Auto ROM Replacement                                                       ; On                 ; On                 ;
; Auto RAM Replacement                                                       ; On                 ; On                 ;
; Auto Shift Register Replacement                                            ; Auto               ; Auto               ;
; Auto Clock Enable Replacement                                              ; On                 ; On                 ;
; Strict RAM Replacement                                                     ; Off                ; Off                ;
; Allow Synchronous Control Signals                                          ; On                 ; On                 ;
; Force Use of Synchronous Clear Signals                                     ; Off                ; Off                ;
; Auto RAM to Logic Cell Conversion                                          ; Off                ; Off                ;
; Auto Resource Sharing                                                      ; Off                ; Off                ;
; Allow Any RAM Size For Recognition                                         ; Off                ; Off                ;
; Allow Any ROM Size For Recognition                                         ; Off                ; Off                ;
; Allow Any Shift Register Size For Recognition                              ; Off                ; Off                ;
; Use LogicLock Constraints during Resource Balancing                        ; On                 ; On                 ;
; Ignore translate_off and synthesis_off directives                          ; Off                ; Off                ;
; Timing-Driven Synthesis                                                    ; Off                ; Off                ;
; Show Parameter Settings Tables in Synthesis Report                         ; On                 ; On                 ;
; Ignore Maximum Fan-Out Assignments                                         ; Off                ; Off                ;
; Synchronization Register Chain Length                                      ; 2                  ; 2                  ;
; PowerPlay Power Optimization                                               ; Normal compilation ; Normal compilation ;
; HDL message level                                                          ; Level2             ; Level2             ;
; Suppress Register Optimization Related Messages                            ; Off                ; Off                ;
; Number of Removed Registers Reported in Synthesis Report                   ; 5000               ; 5000               ;
; Number of Inverted Registers Reported in Synthesis Report                  ; 100                ; 100                ;
; Clock MUX Protection                                                       ; On                 ; On                 ;
; Auto Gated Clock Conversion                                                ; Off                ; Off                ;
; Block Design Naming                                                        ; Auto               ; Auto               ;
; SDC constraint protection                                                  ; Off                ; Off                ;
; Synthesis Effort                                                           ; Auto               ; Auto               ;
; Shift Register Replacement - Allow Asynchronous Clear Signal               ; On                 ; On                 ;
; Analysis & Synthesis Message Level                                         ; Medium             ; Medium             ;
; Disable Register Merging Across Hierarchies                                ; Auto               ; Auto               ;
; Resource Aware Inference For Block RAM                                     ; On                 ; On                 ;
+----------------------------------------------------------------------------+--------------------+--------------------+


Parallel compilation was disabled, but you have multiple processors available. Enable parallel compilation to reduce compilation time.
+-------------------------------------+
; Parallel Compilation                ;
+----------------------------+--------+
; Processors                 ; Number ;
+----------------------------+--------+
; Number detected on machine ; 4      ;
; Maximum allowed            ; 1      ;
+----------------------------+--------+


+---------------------------------------------------------------------------------------------------------------------------------------------+
; Analysis & Synthesis Source Files Read                                                                                                      ;
+---------------------------------------------+-----------------+-----------------+-----------------------------------------------------------+
; File Name with User-Entered Path            ; Used in Netlist ; File Type       ; File Name with Absolute Path                              ;
+---------------------------------------------+-----------------+-----------------+-----------------------------------------------------------+
; ../BinToHex8/BinToHex4.vhd                  ; yes             ; User VHDL File  ; C:/altera/luizagianshiro/BinToHex8/BinToHex4.vhd          ;
; ../registrador/registrador.vhd              ; yes             ; User VHDL File  ; C:/altera/luizagianshiro/registrador/registrador.vhd      ;
; ../ula/ula.vhd                              ; yes             ; User VHDL File  ; C:/altera/luizagianshiro/ula/ula.vhd                      ;
; ../../../Users/alunos/Downloads/mainUla.vhd ; yes             ; User VHDL File  ; C:/Users/alunos/Downloads/mainUla.vhd                     ;
; ../Flip-Flop/FlipflopD/flipflop.vhd         ; yes             ; User VHDL File  ; C:/altera/luizagianshiro/Flip-Flop/FlipflopD/flipflop.vhd ;
+---------------------------------------------+-----------------+-----------------+-----------------------------------------------------------+


+-------------------------------------------------------+
; Analysis & Synthesis Resource Usage Summary           ;
+---------------------------------------------+---------+
; Resource                                    ; Usage   ;
+---------------------------------------------+---------+
; Estimated Total logic elements              ; 59      ;
;                                             ;         ;
; Total combinational functions               ; 59      ;
; Logic element usage by number of LUT inputs ;         ;
;     -- 4 input functions                    ; 29      ;
;     -- 3 input functions                    ; 16      ;
;     -- <=2 input functions                  ; 14      ;
;                                             ;         ;
; Logic elements by mode                      ;         ;
;     -- normal mode                          ; 55      ;
;     -- arithmetic mode                      ; 4       ;
;                                             ;         ;
; Total registers                             ; 12      ;
;     -- Dedicated logic registers            ; 12      ;
;     -- I/O registers                        ; 0       ;
;                                             ;         ;
; I/O pins                                    ; 45      ;
; Maximum fan-out node                        ; iKEY[0] ;
; Maximum fan-out                             ; 12      ;
; Total fan-out                               ; 257     ;
; Average fan-out                             ; 2.22    ;
+---------------------------------------------+---------+


+---------------------------------------------------------------------------------------------------------------------------------------------------------------------------------------------------+
; Analysis & Synthesis Resource Utilization by Entity                                                                                                                                               ;
+------------------------------+-------------------+--------------+-------------+--------------+---------+-----------+------+--------------+-----------------------------------------+--------------+
; Compilation Hierarchy Node   ; LC Combinationals ; LC Registers ; Memory Bits ; DSP Elements ; DSP 9x9 ; DSP 18x18 ; Pins ; Virtual Pins ; Full Hierarchy Name                     ; Library Name ;
+------------------------------+-------------------+--------------+-------------+--------------+---------+-----------+------+--------------+-----------------------------------------+--------------+
; |mainUla                     ; 59 (10)           ; 12 (0)       ; 0           ; 0            ; 0       ; 0         ; 45   ; 0            ; |mainUla                                ; work         ;
;    |BinToHex4:ss0|           ; 7 (7)             ; 0 (0)        ; 0           ; 0            ; 0       ; 0         ; 0    ; 0            ; |mainUla|BinToHex4:ss0                  ;              ;
;    |BinToHex4:ss1|           ; 7 (7)             ; 0 (0)        ; 0           ; 0            ; 0       ; 0         ; 0    ; 0            ; |mainUla|BinToHex4:ss1                  ;              ;
;    |BinToHex4:ss2|           ; 7 (7)             ; 0 (0)        ; 0           ; 0            ; 0       ; 0         ; 0    ; 0            ; |mainUla|BinToHex4:ss2                  ;              ;
;    |ULA4BITS:logicaritmetic| ; 21 (21)           ; 0 (0)        ; 0           ; 0            ; 0       ; 0         ; 0    ; 0            ; |mainUla|ULA4BITS:logicaritmetic        ;              ;
;    |registrador:reg1|        ; 0 (0)             ; 4 (0)        ; 0           ; 0            ; 0       ; 0         ; 0    ; 0            ; |mainUla|registrador:reg1               ;              ;
;       |flipflop:bit0|        ; 0 (0)             ; 1 (1)        ; 0           ; 0            ; 0       ; 0         ; 0    ; 0            ; |mainUla|registrador:reg1|flipflop:bit0 ;              ;
;       |flipflop:bit1|        ; 0 (0)             ; 1 (1)        ; 0           ; 0            ; 0       ; 0         ; 0    ; 0            ; |mainUla|registrador:reg1|flipflop:bit1 ;              ;
;       |flipflop:bit2|        ; 0 (0)             ; 1 (1)        ; 0           ; 0            ; 0       ; 0         ; 0    ; 0            ; |mainUla|registrador:reg1|flipflop:bit2 ;              ;
;       |flipflop:bit3|        ; 0 (0)             ; 1 (1)        ; 0           ; 0            ; 0       ; 0         ; 0    ; 0            ; |mainUla|registrador:reg1|flipflop:bit3 ;              ;
;    |registrador:reg2|        ; 0 (0)             ; 4 (0)        ; 0           ; 0            ; 0       ; 0         ; 0    ; 0            ; |mainUla|registrador:reg2               ;              ;
;       |flipflop:bit0|        ; 0 (0)             ; 1 (1)        ; 0           ; 0            ; 0       ; 0         ; 0    ; 0            ; |mainUla|registrador:reg2|flipflop:bit0 ;              ;
;       |flipflop:bit1|        ; 0 (0)             ; 1 (1)        ; 0           ; 0            ; 0       ; 0         ; 0    ; 0            ; |mainUla|registrador:reg2|flipflop:bit1 ;              ;
;       |flipflop:bit2|        ; 0 (0)             ; 1 (1)        ; 0           ; 0            ; 0       ; 0         ; 0    ; 0            ; |mainUla|registrador:reg2|flipflop:bit2 ;              ;
;       |flipflop:bit3|        ; 0 (0)             ; 1 (1)        ; 0           ; 0            ; 0       ; 0         ; 0    ; 0            ; |mainUla|registrador:reg2|flipflop:bit3 ;              ;
;    |registrador:reg3|        ; 7 (0)             ; 4 (0)        ; 0           ; 0            ; 0       ; 0         ; 0    ; 0            ; |mainUla|registrador:reg3               ;              ;
;       |flipflop:bit0|        ; 4 (4)             ; 1 (1)        ; 0           ; 0            ; 0       ; 0         ; 0    ; 0            ; |mainUla|registrador:reg3|flipflop:bit0 ;              ;
;       |flipflop:bit1|        ; 1 (1)             ; 1 (1)        ; 0           ; 0            ; 0       ; 0         ; 0    ; 0            ; |mainUla|registrador:reg3|flipflop:bit1 ;              ;
;       |flipflop:bit2|        ; 1 (1)             ; 1 (1)        ; 0           ; 0            ; 0       ; 0         ; 0    ; 0            ; |mainUla|registrador:reg3|flipflop:bit2 ;              ;
;       |flipflop:bit3|        ; 1 (1)             ; 1 (1)        ; 0           ; 0            ; 0       ; 0         ; 0    ; 0            ; |mainUla|registrador:reg3|flipflop:bit3 ;              ;
+------------------------------+-------------------+--------------+-------------+--------------+---------+-----------+------+--------------+-----------------------------------------+--------------+
Note: For table entries with two numbers listed, the numbers in parentheses indicate the number of resources of the given type used by the specific entity alone. The numbers listed outside of parentheses indicate the total resources of the given type used by the specific entity and all of its sub-entities in the hierarchy.


+---------------------------------------------------------------------------------------------------+
; User-Specified and Inferred Latches                                                               ;
+----------------------------------------------------+---------------------+------------------------+
; Latch Name                                         ; Latch Enable Signal ; Free of Timing Hazards ;
+----------------------------------------------------+---------------------+------------------------+
; entrada1[1]                                        ; entrada1[1]         ; yes                    ;
; entrada1[2]                                        ; entrada1[1]         ; yes                    ;
; entrada1[3]                                        ; entrada1[1]         ; yes                    ;
; entrada1[0]                                        ; entrada1[1]         ; yes                    ;
; entrada2[1]                                        ; entrada2[0]         ; yes                    ;
; entrada2[2]                                        ; entrada2[0]         ; yes                    ;
; entrada2[3]                                        ; entrada2[0]         ; yes                    ;
; entrada2[0]                                        ; entrada2[0]         ; yes                    ;
; Number of user-specified and inferred latches = 8  ;                     ;                        ;
+----------------------------------------------------+---------------------+------------------------+
Note: All latches listed above may not be present at the end of synthesis due to various synthesis optimizations.


+------------------------------------------------------+
; General Register Statistics                          ;
+----------------------------------------------+-------+
; Statistic                                    ; Value ;
+----------------------------------------------+-------+
; Total registers                              ; 12    ;
; Number of registers using Synchronous Clear  ; 0     ;
; Number of registers using Synchronous Load   ; 4     ;
; Number of registers using Asynchronous Clear ; 0     ;
; Number of registers using Asynchronous Load  ; 0     ;
; Number of registers using Clock Enable       ; 12    ;
; Number of registers using Preset             ; 0     ;
+----------------------------------------------+-------+


+---------------------------------------------------------------------------------------------------------------------------------------------------------+
; Multiplexer Restructuring Statistics (Restructuring Performed)                                                                                          ;
+--------------------+-----------+---------------+----------------------+------------------------+------------+-------------------------------------------+
; Multiplexer Inputs ; Bus Width ; Baseline Area ; Area if Restructured ; Saving if Restructured ; Registered ; Example Multiplexer Output                ;
+--------------------+-----------+---------------+----------------------+------------------------+------------+-------------------------------------------+
; 7:1                ; 4 bits    ; 16 LEs        ; 16 LEs               ; 0 LEs                  ; Yes        ; |mainUla|registrador:reg3|flipflop:bit0|Q ;
+--------------------+-----------+---------------+----------------------+------------------------+------------+-------------------------------------------+


+-------------------------------+
; Analysis & Synthesis Messages ;
+-------------------------------+
Info: *******************************************************************
Info: Running Quartus II Analysis & Synthesis
    Info: Version 9.1 Build 350 03/24/2010 Service Pack 2 SJ Web Edition
    Info: Processing started: Thu Dec 13 11:05:18 2018
Info: Command: quartus_map --read_settings_files=on --write_settings_files=off mainUla -c mainUla
Info: Found 2 design units, including 1 entities, in source file /altera/luizagianshiro/bintohex8/bintohex4.vhd
    Info: Found design unit 1: BinToHex4-BinToHex4Comportamento
    Info: Found entity 1: BinToHex4
Info: Found 2 design units, including 1 entities, in source file /altera/luizagianshiro/registrador/registrador.vhd
    Info: Found design unit 1: registrador-registradorBehaviour
    Info: Found entity 1: registrador
Info: Found 2 design units, including 1 entities, in source file /altera/luizagianshiro/ula/ula.vhd
    Info: Found design unit 1: ULA4BITS-ULA4BITS_ARQ
    Info: Found entity 1: ULA4BITS
Info: Found 2 design units, including 1 entities, in source file /users/alunos/downloads/mainula.vhd
    Info: Found design unit 1: mainUla-main
    Info: Found entity 1: mainUla
Info: Found 2 design units, including 1 entities, in source file /altera/luizagianshiro/flip-flop/flipflopd/flipflop.vhd
    Info: Found design unit 1: flipflop-flipflopBehaviour
    Info: Found entity 1: flipflop
Info: Elaborating entity "mainUla" for the top level hierarchy
Warning (10541): VHDL Signal Declaration warning at mainUla.vhd(15): used implicit default value for signal "oLEDR" because signal was never assigned a value or an explicit default value. Use of implicit default value may introduce unintended design optimizations.
Warning (10812): VHDL warning at mainUla.vhd(53): sensitivity list already contains iSW
Warning (10631): VHDL Process Statement warning at mainUla.vhd(53): inferring latch(es) for signal or variable "entrada2", which holds its previous value in one or more paths through the process
Warning (10631): VHDL Process Statement warning at mainUla.vhd(53): inferring latch(es) for signal or variable "entrada1", which holds its previous value in one or more paths through the process
Info (10041): Inferred latch for "entrada1[0]" at mainUla.vhd(53)
Info (10041): Inferred latch for "entrada1[1]" at mainUla.vhd(53)
Info (10041): Inferred latch for "entrada1[2]" at mainUla.vhd(53)
Info (10041): Inferred latch for "entrada1[3]" at mainUla.vhd(53)
Info (10041): Inferred latch for "entrada2[0]" at mainUla.vhd(53)
Info (10041): Inferred latch for "entrada2[1]" at mainUla.vhd(53)
Info (10041): Inferred latch for "entrada2[2]" at mainUla.vhd(53)
Info (10041): Inferred latch for "entrada2[3]" at mainUla.vhd(53)
Info: Elaborating entity "registrador" for hierarchy "registrador:reg1"
Info: Elaborating entity "flipflop" for hierarchy "registrador:reg1|flipflop:bit0"
Warning (10492): VHDL Process Statement warning at flipflop.vhd(16): signal "enable" is read inside the Process Statement but isn't in the Process Statement's sensitivity list
Warning (10492): VHDL Process Statement warning at flipflop.vhd(19): signal "Q" is read inside the Process Statement but isn't in the Process Statement's sensitivity list
Info: Elaborating entity "ULA4BITS" for hierarchy "ULA4BITS:logicaritmetic"
Info: Elaborating entity "BinToHex4" for hierarchy "BinToHex4:ss0"
Warning: Tri-state node(s) do not directly drive top-level pin(s)
    Warning: Converted tri-state buffer "ULA4BITS:logicaritmetic|o[0]" feeding internal logic into a wire
    Warning: Converted tri-state buffer "ULA4BITS:logicaritmetic|o[1]" feeding internal logic into a wire
    Warning: Converted tri-state buffer "ULA4BITS:logicaritmetic|o[2]" feeding internal logic into a wire
    Warning: Converted tri-state buffer "ULA4BITS:logicaritmetic|o[3]" feeding internal logic into a wire
Warning: Output pins are stuck at VCC or GND
    Warning (13410): Pin "oHEX0_DP" is stuck at VCC
    Warning (13410): Pin "oHEX1_DP" is stuck at VCC
    Warning (13410): Pin "oHEX2_DP" is stuck at VCC
    Warning (13410): Pin "oLEDR[0]" is stuck at GND
    Warning (13410): Pin "oLEDR[1]" is stuck at GND
    Warning (13410): Pin "oLEDR[2]" is stuck at GND
    Warning (13410): Pin "oLEDR[3]" is stuck at GND
    Warning (13410): Pin "oLEDR[4]" is stuck at GND
    Warning (13410): Pin "oLEDR[5]" is stuck at GND
    Warning (13410): Pin "oLEDR[6]" is stuck at GND
    Warning (13410): Pin "oLEDR[7]" is stuck at GND
Info: Implemented 112 device resources after synthesis - the final resource count might be different
    Info: Implemented 13 input pins
    Info: Implemented 32 output pins
    Info: Implemented 67 logic cells
Info: Quartus II Analysis & Synthesis was successful. 0 errors, 23 warnings
    Info: Peak virtual memory: 265 megabytes
    Info: Processing ended: Thu Dec 13 11:05:22 2018
    Info: Elapsed time: 00:00:04
    Info: Total CPU time (on all processors): 00:00:03


