Classic Timing Analyzer report for aula01
Thu Oct 11 10:33:29 2018
Quartus II Version 9.1 Build 350 03/24/2010 Service Pack 2 SJ Web Edition


---------------------
; Table of Contents ;
---------------------
  1. Legal Notice
  2. Timing Analyzer Summary
  3. Timing Analyzer Settings
  4. Parallel Compilation
  5. tpd
  6. Timing Analyzer Messages



----------------
; Legal Notice ;
----------------
Copyright (C) 1991-2010 Altera Corporation
Your use of Altera Corporation's design tools, logic functions 
and other software and tools, and its AMPP partner logic 
functions, and any output files from any of the foregoing 
(including device programming or simulation files), and any 
associated documentation or information are expressly subject 
to the terms and conditions of the Altera Program License 
Subscription Agreement, Altera MegaCore Function License 
Agreement, or other applicable license agreement, including, 
without limitation, that your use is for the sole purpose of 
programming logic devices manufactured by Altera and sold by 
Altera or its authorized distributors.  Please refer to the 
applicable agreement for further details.



+---------------------------------------------------------------------------------------------------------------------------------+
; Timing Analyzer Summary                                                                                                         ;
+------------------------------+-------+---------------+-------------+--------+------------+------------+----------+--------------+
; Type                         ; Slack ; Required Time ; Actual Time ; From   ; To         ; From Clock ; To Clock ; Failed Paths ;
+------------------------------+-------+---------------+-------------+--------+------------+------------+----------+--------------+
; Worst-case tpd               ; N/A   ; None          ; 12.591 ns   ; iSW[2] ; oHEX0_D[0] ; --         ; --       ; 0            ;
; Total number of failed paths ;       ;               ;             ;        ;            ;            ;          ; 0            ;
+------------------------------+-------+---------------+-------------+--------+------------+------------+----------+--------------+


+-----------------------------------------------------------------------------------------------------------------------------------------------------+
; Timing Analyzer Settings                                                                                                                            ;
+------------------------------------------------------------------------------------------------------+--------------------+------+----+-------------+
; Option                                                                                               ; Setting            ; From ; To ; Entity Name ;
+------------------------------------------------------------------------------------------------------+--------------------+------+----+-------------+
; Device Name                                                                                          ; EP2C70F896C6       ;      ;    ;             ;
; Timing Models                                                                                        ; Final              ;      ;    ;             ;
; Default hold multicycle                                                                              ; Same as Multicycle ;      ;    ;             ;
; Cut paths between unrelated clock domains                                                            ; On                 ;      ;    ;             ;
; Cut off read during write signal paths                                                               ; On                 ;      ;    ;             ;
; Cut off feedback from I/O pins                                                                       ; On                 ;      ;    ;             ;
; Report Combined Fast/Slow Timing                                                                     ; Off                ;      ;    ;             ;
; Ignore Clock Settings                                                                                ; Off                ;      ;    ;             ;
; Analyze latches as synchronous elements                                                              ; On                 ;      ;    ;             ;
; Enable Recovery/Removal analysis                                                                     ; Off                ;      ;    ;             ;
; Enable Clock Latency                                                                                 ; Off                ;      ;    ;             ;
; Use TimeQuest Timing Analyzer                                                                        ; Off                ;      ;    ;             ;
; Minimum Core Junction Temperature                                                                    ; 0                  ;      ;    ;             ;
; Maximum Core Junction Temperature                                                                    ; 85                 ;      ;    ;             ;
; Number of source nodes to report per destination node                                                ; 10                 ;      ;    ;             ;
; Number of destination nodes to report                                                                ; 10                 ;      ;    ;             ;
; Number of paths to report                                                                            ; 200                ;      ;    ;             ;
; Report Minimum Timing Checks                                                                         ; Off                ;      ;    ;             ;
; Use Fast Timing Models                                                                               ; Off                ;      ;    ;             ;
; Report IO Paths Separately                                                                           ; Off                ;      ;    ;             ;
; Perform Multicorner Analysis                                                                         ; On                 ;      ;    ;             ;
; Reports the worst-case path for each clock domain and analysis                                       ; Off                ;      ;    ;             ;
; Reports worst-case timing paths for each clock domain and analysis                                   ; On                 ;      ;    ;             ;
; Specifies the maximum number of worst-case timing paths to report for each clock domain and analysis ; 100                ;      ;    ;             ;
; Removes common clock path pessimism (CCPP) during slack computation                                  ; Off                ;      ;    ;             ;
; Output I/O Timing Endpoint                                                                           ; Near End           ;      ;    ;             ;
+------------------------------------------------------------------------------------------------------+--------------------+------+----+-------------+


Parallel compilation was disabled, but you have multiple processors available. Enable parallel compilation to reduce compilation time.
+-------------------------------------+
; Parallel Compilation                ;
+----------------------------+--------+
; Processors                 ; Number ;
+----------------------------+--------+
; Number detected on machine ; 4      ;
; Maximum allowed            ; 1      ;
+----------------------------+--------+


+-------------------------------------------------------------------+
; tpd                                                               ;
+-------+-------------------+-----------------+--------+------------+
; Slack ; Required P2P Time ; Actual P2P Time ; From   ; To         ;
+-------+-------------------+-----------------+--------+------------+
; N/A   ; None              ; 12.591 ns       ; iSW[2] ; oHEX0_D[0] ;
; N/A   ; None              ; 12.530 ns       ; iSW[0] ; oHEX0_D[0] ;
; N/A   ; None              ; 12.515 ns       ; iSW[1] ; oHEX0_D[0] ;
; N/A   ; None              ; 12.346 ns       ; iSW[3] ; oHEX0_D[0] ;
; N/A   ; None              ; 11.942 ns       ; iSW[2] ; oHEX0_D[1] ;
; N/A   ; None              ; 11.888 ns       ; iSW[1] ; oHEX0_D[1] ;
; N/A   ; None              ; 11.879 ns       ; iSW[0] ; oHEX0_D[1] ;
; N/A   ; None              ; 11.701 ns       ; iSW[2] ; oHEX0_D[3] ;
; N/A   ; None              ; 11.687 ns       ; iSW[3] ; oHEX0_D[1] ;
; N/A   ; None              ; 11.660 ns       ; iSW[1] ; oHEX0_D[3] ;
; N/A   ; None              ; 11.643 ns       ; iSW[0] ; oHEX0_D[3] ;
; N/A   ; None              ; 11.466 ns       ; iSW[2] ; oHEX0_D[4] ;
; N/A   ; None              ; 11.457 ns       ; iSW[3] ; oHEX0_D[3] ;
; N/A   ; None              ; 11.435 ns       ; iSW[2] ; oHEX0_D[5] ;
; N/A   ; None              ; 11.411 ns       ; iSW[1] ; oHEX0_D[4] ;
; N/A   ; None              ; 11.409 ns       ; iSW[0] ; oHEX0_D[4] ;
; N/A   ; None              ; 11.396 ns       ; iSW[1] ; oHEX0_D[5] ;
; N/A   ; None              ; 11.376 ns       ; iSW[0] ; oHEX0_D[5] ;
; N/A   ; None              ; 11.250 ns       ; iSW[2] ; oHEX0_D[2] ;
; N/A   ; None              ; 11.235 ns       ; iSW[2] ; oHEX0_D[6] ;
; N/A   ; None              ; 11.212 ns       ; iSW[3] ; oHEX0_D[4] ;
; N/A   ; None              ; 11.204 ns       ; iSW[1] ; oHEX0_D[2] ;
; N/A   ; None              ; 11.193 ns       ; iSW[3] ; oHEX0_D[5] ;
; N/A   ; None              ; 11.183 ns       ; iSW[1] ; oHEX0_D[6] ;
; N/A   ; None              ; 11.177 ns       ; iSW[0] ; oHEX0_D[6] ;
; N/A   ; None              ; 11.166 ns       ; iSW[0] ; oHEX0_D[2] ;
; N/A   ; None              ; 11.002 ns       ; iSW[3] ; oHEX0_D[2] ;
; N/A   ; None              ; 10.980 ns       ; iSW[3] ; oHEX0_D[6] ;
+-------+-------------------+-----------------+--------+------------+


+--------------------------+
; Timing Analyzer Messages ;
+--------------------------+
Info: *******************************************************************
Info: Running Quartus II Classic Timing Analyzer
    Info: Version 9.1 Build 350 03/24/2010 Service Pack 2 SJ Web Edition
    Info: Processing started: Thu Oct 11 10:33:28 2018
Info: Command: quartus_tan --read_settings_files=off --write_settings_files=off aula01 -c aula01 --timing_analysis_only
Info: Longest tpd from source pin "iSW[2]" to destination pin "oHEX0_D[0]" is 12.591 ns
    Info: 1: + IC(0.000 ns) + CELL(0.832 ns) = 0.832 ns; Loc. = PIN_AB25; Fanout = 7; PIN Node = 'iSW[2]'
    Info: 2: + IC(6.784 ns) + CELL(0.275 ns) = 7.891 ns; Loc. = LCCOMB_X24_Y1_N8; Fanout = 1; COMB Node = 'oHEX0_D~0'
    Info: 3: + IC(1.932 ns) + CELL(2.768 ns) = 12.591 ns; Loc. = PIN_AE8; Fanout = 0; PIN Node = 'oHEX0_D[0]'
    Info: Total cell delay = 3.875 ns ( 30.78 % )
    Info: Total interconnect delay = 8.716 ns ( 69.22 % )
Info: Quartus II Classic Timing Analyzer was successful. 0 errors, 0 warnings
    Info: Peak virtual memory: 196 megabytes
    Info: Processing ended: Thu Oct 11 10:33:29 2018
    Info: Elapsed time: 00:00:01
    Info: Total CPU time (on all processors): 00:00:01


