Analysis & Synthesis report for contador
Thu Nov 29 10:02:39 2018
Quartus II Version 9.1 Build 350 03/24/2010 Service Pack 2 SJ Web Edition


---------------------
; Table of Contents ;
---------------------
  1. Legal Notice
  2. Analysis & Synthesis Summary
  3. Analysis & Synthesis Settings
  4. Parallel Compilation
  5. Analysis & Synthesis Source Files Read
  6. Analysis & Synthesis Resource Usage Summary
  7. Analysis & Synthesis Resource Utilization by Entity
  8. General Register Statistics
  9. Port Connectivity Checks: "flipflopT:cont8"
 10. Port Connectivity Checks: "flipflopT:cont7"
 11. Port Connectivity Checks: "flipflopT:cont6"
 12. Port Connectivity Checks: "flipflopT:cont5"
 13. Port Connectivity Checks: "flipflopT:cont4"
 14. Port Connectivity Checks: "flipflopT:cont3"
 15. Port Connectivity Checks: "flipflopT:cont2"
 16. Port Connectivity Checks: "flipflopT:cont1"
 17. Analysis & Synthesis Messages



----------------
; Legal Notice ;
----------------
Copyright (C) 1991-2010 Altera Corporation
Your use of Altera Corporation's design tools, logic functions 
and other software and tools, and its AMPP partner logic 
functions, and any output files from any of the foregoing 
(including device programming or simulation files), and any 
associated documentation or information are expressly subject 
to the terms and conditions of the Altera Program License 
Subscription Agreement, Altera MegaCore Function License 
Agreement, or other applicable license agreement, including, 
without limitation, that your use is for the sole purpose of 
programming logic devices manufactured by Altera and sold by 
Altera or its authorized distributors.  Please refer to the 
applicable agreement for further details.



+-----------------------------------------------------------------------------------+
; Analysis & Synthesis Summary                                                      ;
+------------------------------------+----------------------------------------------+
; Analysis & Synthesis Status        ; Successful - Thu Nov 29 10:02:39 2018        ;
; Quartus II Version                 ; 9.1 Build 350 03/24/2010 SP 2 SJ Web Edition ;
; Revision Name                      ; contador                                     ;
; Top-level Entity Name              ; contador                                     ;
; Family                             ; Cyclone II                                   ;
; Total logic elements               ; 27                                           ;
;     Total combinational functions  ; 27                                           ;
;     Dedicated logic registers      ; 8                                            ;
; Total registers                    ; 8                                            ;
; Total pins                         ; 29                                           ;
; Total virtual pins                 ; 0                                            ;
; Total memory bits                  ; 0                                            ;
; Embedded Multiplier 9-bit elements ; 0                                            ;
; Total PLLs                         ; 0                                            ;
+------------------------------------+----------------------------------------------+


+----------------------------------------------------------------------------------------------------------------------+
; Analysis & Synthesis Settings                                                                                        ;
+----------------------------------------------------------------------------+--------------------+--------------------+
; Option                                                                     ; Setting            ; Default Value      ;
+----------------------------------------------------------------------------+--------------------+--------------------+
; Device                                                                     ; EP2C70F896C6       ;                    ;
; Top-level entity name                                                      ; contador           ; contador           ;
; Family name                                                                ; Cyclone II         ; Stratix II         ;
; Use Generated Physical Constraints File                                    ; Off                ;                    ;
; Use smart compilation                                                      ; Off                ; Off                ;
; Enable parallel Assembler and TimeQuest Timing Analyzer during compilation ; On                 ; On                 ;
; Enable compact report table                                                ; Off                ; Off                ;
; Restructure Multiplexers                                                   ; Auto               ; Auto               ;
; Create Debugging Nodes for IP Cores                                        ; Off                ; Off                ;
; Preserve fewer node names                                                  ; On                 ; On                 ;
; Disable OpenCore Plus hardware evaluation                                  ; Off                ; Off                ;
; Verilog Version                                                            ; Verilog_2001       ; Verilog_2001       ;
; VHDL Version                                                               ; VHDL_1993          ; VHDL_1993          ;
; State Machine Processing                                                   ; Auto               ; Auto               ;
; Safe State Machine                                                         ; Off                ; Off                ;
; Extract Verilog State Machines                                             ; On                 ; On                 ;
; Extract VHDL State Machines                                                ; On                 ; On                 ;
; Ignore Verilog initial constructs                                          ; Off                ; Off                ;
; Iteration limit for constant Verilog loops                                 ; 5000               ; 5000               ;
; Iteration limit for non-constant Verilog loops                             ; 250                ; 250                ;
; Add Pass-Through Logic to Inferred RAMs                                    ; On                 ; On                 ;
; Parallel Synthesis                                                         ; On                 ; On                 ;
; DSP Block Balancing                                                        ; Auto               ; Auto               ;
; NOT Gate Push-Back                                                         ; On                 ; On                 ;
; Power-Up Don't Care                                                        ; On                 ; On                 ;
; Remove Redundant Logic Cells                                               ; Off                ; Off                ;
; Remove Duplicate Registers                                                 ; On                 ; On                 ;
; Ignore CARRY Buffers                                                       ; Off                ; Off                ;
; Ignore CASCADE Buffers                                                     ; Off                ; Off                ;
; Ignore GLOBAL Buffers                                                      ; Off                ; Off                ;
; Ignore ROW GLOBAL Buffers                                                  ; Off                ; Off                ;
; Ignore LCELL Buffers                                                       ; Off                ; Off                ;
; Ignore SOFT Buffers                                                        ; On                 ; On                 ;
; Limit AHDL Integers to 32 Bits                                             ; Off                ; Off                ;
; Optimization Technique                                                     ; Balanced           ; Balanced           ;
; Carry Chain Length                                                         ; 70                 ; 70                 ;
; Auto Carry Chains                                                          ; On                 ; On                 ;
; Auto Open-Drain Pins                                                       ; On                 ; On                 ;
; Perform WYSIWYG Primitive Resynthesis                                      ; Off                ; Off                ;
; Auto ROM Replacement                                                       ; On                 ; On                 ;
; Auto RAM Replacement                                                       ; On                 ; On                 ;
; Auto Shift Register Replacement                                            ; Auto               ; Auto               ;
; Auto Clock Enable Replacement                                              ; On                 ; On                 ;
; Strict RAM Replacement                                                     ; Off                ; Off                ;
; Allow Synchronous Control Signals                                          ; On                 ; On                 ;
; Force Use of Synchronous Clear Signals                                     ; Off                ; Off                ;
; Auto RAM to Logic Cell Conversion                                          ; Off                ; Off                ;
; Auto Resource Sharing                                                      ; Off                ; Off                ;
; Allow Any RAM Size For Recognition                                         ; Off                ; Off                ;
; Allow Any ROM Size For Recognition                                         ; Off                ; Off                ;
; Allow Any Shift Register Size For Recognition                              ; Off                ; Off                ;
; Use LogicLock Constraints during Resource Balancing                        ; On                 ; On                 ;
; Ignore translate_off and synthesis_off directives                          ; Off                ; Off                ;
; Timing-Driven Synthesis                                                    ; Off                ; Off                ;
; Show Parameter Settings Tables in Synthesis Report                         ; On                 ; On                 ;
; Ignore Maximum Fan-Out Assignments                                         ; Off                ; Off                ;
; Synchronization Register Chain Length                                      ; 2                  ; 2                  ;
; PowerPlay Power Optimization                                               ; Normal compilation ; Normal compilation ;
; HDL message level                                                          ; Level2             ; Level2             ;
; Suppress Register Optimization Related Messages                            ; Off                ; Off                ;
; Number of Removed Registers Reported in Synthesis Report                   ; 5000               ; 5000               ;
; Number of Inverted Registers Reported in Synthesis Report                  ; 100                ; 100                ;
; Clock MUX Protection                                                       ; On                 ; On                 ;
; Auto Gated Clock Conversion                                                ; Off                ; Off                ;
; Block Design Naming                                                        ; Auto               ; Auto               ;
; SDC constraint protection                                                  ; Off                ; Off                ;
; Synthesis Effort                                                           ; Auto               ; Auto               ;
; Shift Register Replacement - Allow Asynchronous Clear Signal               ; On                 ; On                 ;
; Analysis & Synthesis Message Level                                         ; Medium             ; Medium             ;
; Disable Register Merging Across Hierarchies                                ; Auto               ; Auto               ;
; Resource Aware Inference For Block RAM                                     ; On                 ; On                 ;
+----------------------------------------------------------------------------+--------------------+--------------------+


Parallel compilation was disabled, but you have multiple processors available. Enable parallel compilation to reduce compilation time.
+-------------------------------------+
; Parallel Compilation                ;
+----------------------------+--------+
; Processors                 ; Number ;
+----------------------------+--------+
; Number detected on machine ; 4      ;
; Maximum allowed            ; 1      ;
+----------------------------+--------+


+---------------------------------------------------------------------------------------------------------------------------+
; Analysis & Synthesis Source Files Read                                                                                    ;
+----------------------------------+-----------------+-----------------+----------------------------------------------------+
; File Name with User-Entered Path ; Used in Netlist ; File Type       ; File Name with Absolute Path                       ;
+----------------------------------+-----------------+-----------------+----------------------------------------------------+
; ../BinToHex8/BinToHex4.vhd       ; yes             ; User VHDL File  ; C:/altera/luizagianshiro/BinToHex8/BinToHex4.vhd   ;
; ../BinToHex8/BinToHex8.vhd       ; yes             ; User VHDL File  ; C:/altera/luizagianshiro/BinToHex8/BinToHex8.vhd   ;
; ../registrador/FlipFlopT.vhd     ; yes             ; User VHDL File  ; C:/altera/luizagianshiro/registrador/FlipFlopT.vhd ;
; contador.vhd                     ; yes             ; User VHDL File  ; C:/altera/luizagianshiro/contador/contador.vhd     ;
+----------------------------------+-----------------+-----------------+----------------------------------------------------+


+------------------------------------------------------------------+
; Analysis & Synthesis Resource Usage Summary                      ;
+---------------------------------------------+--------------------+
; Resource                                    ; Usage              ;
+---------------------------------------------+--------------------+
; Estimated Total logic elements              ; 27                 ;
;                                             ;                    ;
; Total combinational functions               ; 27                 ;
; Logic element usage by number of LUT inputs ;                    ;
;     -- 4 input functions                    ; 22                 ;
;     -- 3 input functions                    ; 3                  ;
;     -- <=2 input functions                  ; 2                  ;
;                                             ;                    ;
; Logic elements by mode                      ;                    ;
;     -- normal mode                          ; 27                 ;
;     -- arithmetic mode                      ; 0                  ;
;                                             ;                    ;
; Total registers                             ; 8                  ;
;     -- Dedicated logic registers            ; 8                  ;
;     -- I/O registers                        ; 0                  ;
;                                             ;                    ;
; I/O pins                                    ; 29                 ;
; Maximum fan-out node                        ; flipflopT:cont4|QB ;
; Maximum fan-out                             ; 12                 ;
; Total fan-out                               ; 131                ;
; Average fan-out                             ; 2.05               ;
+---------------------------------------------+--------------------+


+----------------------------------------------------------------------------------------------------------------------------------------------------------------------------------------------------+
; Analysis & Synthesis Resource Utilization by Entity                                                                                                                                                ;
+----------------------------+-------------------+--------------+-------------+--------------+---------+-----------+------+--------------+--------------------------------------------+--------------+
; Compilation Hierarchy Node ; LC Combinationals ; LC Registers ; Memory Bits ; DSP Elements ; DSP 9x9 ; DSP 18x18 ; Pins ; Virtual Pins ; Full Hierarchy Name                        ; Library Name ;
+----------------------------+-------------------+--------------+-------------+--------------+---------+-----------+------+--------------+--------------------------------------------+--------------+
; |contador                  ; 27 (1)            ; 8 (0)        ; 0           ; 0            ; 0       ; 0         ; 29   ; 0            ; |contador                                  ; work         ;
;    |BinToHex8:hex|         ; 14 (0)            ; 0 (0)        ; 0           ; 0            ; 0       ; 0         ; 0    ; 0            ; |contador|BinToHex8:hex                    ;              ;
;       |BinToHex4:display1| ; 7 (7)             ; 0 (0)        ; 0           ; 0            ; 0       ; 0         ; 0    ; 0            ; |contador|BinToHex8:hex|BinToHex4:display1 ;              ;
;       |BinToHex4:display2| ; 7 (7)             ; 0 (0)        ; 0           ; 0            ; 0       ; 0         ; 0    ; 0            ; |contador|BinToHex8:hex|BinToHex4:display2 ;              ;
;    |flipflopT:cont1|       ; 1 (1)             ; 1 (1)        ; 0           ; 0            ; 0       ; 0         ; 0    ; 0            ; |contador|flipflopT:cont1                  ;              ;
;    |flipflopT:cont2|       ; 1 (1)             ; 1 (1)        ; 0           ; 0            ; 0       ; 0         ; 0    ; 0            ; |contador|flipflopT:cont2                  ;              ;
;    |flipflopT:cont3|       ; 2 (2)             ; 1 (1)        ; 0           ; 0            ; 0       ; 0         ; 0    ; 0            ; |contador|flipflopT:cont3                  ;              ;
;    |flipflopT:cont4|       ; 1 (1)             ; 1 (1)        ; 0           ; 0            ; 0       ; 0         ; 0    ; 0            ; |contador|flipflopT:cont4                  ;              ;
;    |flipflopT:cont5|       ; 1 (1)             ; 1 (1)        ; 0           ; 0            ; 0       ; 0         ; 0    ; 0            ; |contador|flipflopT:cont5                  ;              ;
;    |flipflopT:cont6|       ; 2 (2)             ; 1 (1)        ; 0           ; 0            ; 0       ; 0         ; 0    ; 0            ; |contador|flipflopT:cont6                  ;              ;
;    |flipflopT:cont7|       ; 2 (2)             ; 1 (1)        ; 0           ; 0            ; 0       ; 0         ; 0    ; 0            ; |contador|flipflopT:cont7                  ;              ;
;    |flipflopT:cont8|       ; 2 (2)             ; 1 (1)        ; 0           ; 0            ; 0       ; 0         ; 0    ; 0            ; |contador|flipflopT:cont8                  ;              ;
+----------------------------+-------------------+--------------+-------------+--------------+---------+-----------+------+--------------+--------------------------------------------+--------------+
Note: For table entries with two numbers listed, the numbers in parentheses indicate the number of resources of the given type used by the specific entity alone. The numbers listed outside of parentheses indicate the total resources of the given type used by the specific entity and all of its sub-entities in the hierarchy.


+------------------------------------------------------+
; General Register Statistics                          ;
+----------------------------------------------+-------+
; Statistic                                    ; Value ;
+----------------------------------------------+-------+
; Total registers                              ; 8     ;
; Number of registers using Synchronous Clear  ; 0     ;
; Number of registers using Synchronous Load   ; 0     ;
; Number of registers using Asynchronous Clear ; 0     ;
; Number of registers using Asynchronous Load  ; 0     ;
; Number of registers using Clock Enable       ; 0     ;
; Number of registers using Preset             ; 0     ;
+----------------------------------------------+-------+


+--------------------------------------------------------------------------------+
; Port Connectivity Checks: "flipflopT:cont8"                                    ;
+------+-------+----------+------------------------------------------------------+
; Port ; Type  ; Severity ; Details                                              ;
+------+-------+----------+------------------------------------------------------+
; ikey ; Input ; Info     ; Connecting a non-array bit to a single-element array ;
+------+-------+----------+------------------------------------------------------+


+--------------------------------------------------------------------------------+
; Port Connectivity Checks: "flipflopT:cont7"                                    ;
+------+-------+----------+------------------------------------------------------+
; Port ; Type  ; Severity ; Details                                              ;
+------+-------+----------+------------------------------------------------------+
; ikey ; Input ; Info     ; Connecting a non-array bit to a single-element array ;
+------+-------+----------+------------------------------------------------------+


+--------------------------------------------------------------------------------+
; Port Connectivity Checks: "flipflopT:cont6"                                    ;
+------+-------+----------+------------------------------------------------------+
; Port ; Type  ; Severity ; Details                                              ;
+------+-------+----------+------------------------------------------------------+
; ikey ; Input ; Info     ; Connecting a non-array bit to a single-element array ;
+------+-------+----------+------------------------------------------------------+


+--------------------------------------------------------------------------------+
; Port Connectivity Checks: "flipflopT:cont5"                                    ;
+------+-------+----------+------------------------------------------------------+
; Port ; Type  ; Severity ; Details                                              ;
+------+-------+----------+------------------------------------------------------+
; ikey ; Input ; Info     ; Connecting a non-array bit to a single-element array ;
+------+-------+----------+------------------------------------------------------+


+--------------------------------------------------------------------------------+
; Port Connectivity Checks: "flipflopT:cont4"                                    ;
+------+-------+----------+------------------------------------------------------+
; Port ; Type  ; Severity ; Details                                              ;
+------+-------+----------+------------------------------------------------------+
; ikey ; Input ; Info     ; Connecting a non-array bit to a single-element array ;
+------+-------+----------+------------------------------------------------------+


+--------------------------------------------------------------------------------+
; Port Connectivity Checks: "flipflopT:cont3"                                    ;
+------+-------+----------+------------------------------------------------------+
; Port ; Type  ; Severity ; Details                                              ;
+------+-------+----------+------------------------------------------------------+
; ikey ; Input ; Info     ; Connecting a non-array bit to a single-element array ;
+------+-------+----------+------------------------------------------------------+


+--------------------------------------------------------------------------------+
; Port Connectivity Checks: "flipflopT:cont2"                                    ;
+------+-------+----------+------------------------------------------------------+
; Port ; Type  ; Severity ; Details                                              ;
+------+-------+----------+------------------------------------------------------+
; ikey ; Input ; Info     ; Connecting a non-array bit to a single-element array ;
+------+-------+----------+------------------------------------------------------+


+--------------------------------------------------------------------------------+
; Port Connectivity Checks: "flipflopT:cont1"                                    ;
+------+-------+----------+------------------------------------------------------+
; Port ; Type  ; Severity ; Details                                              ;
+------+-------+----------+------------------------------------------------------+
; ikey ; Input ; Info     ; Connecting a non-array bit to a single-element array ;
+------+-------+----------+------------------------------------------------------+


+-------------------------------+
; Analysis & Synthesis Messages ;
+-------------------------------+
Info: *******************************************************************
Info: Running Quartus II Analysis & Synthesis
    Info: Version 9.1 Build 350 03/24/2010 Service Pack 2 SJ Web Edition
    Info: Processing started: Thu Nov 29 10:02:37 2018
Info: Command: quartus_map --read_settings_files=on --write_settings_files=off contador -c contador
Info: Found 2 design units, including 1 entities, in source file /altera/luizagianshiro/bintohex8/bintohex4.vhd
    Info: Found design unit 1: BinToHex4-BinToHex4Comportamento
    Info: Found entity 1: BinToHex4
Info: Found 2 design units, including 1 entities, in source file /altera/luizagianshiro/bintohex8/bintohex8.vhd
    Info: Found design unit 1: BinToHex8-BinToHex8Comportamento
    Info: Found entity 1: BinToHex8
Info: Found 2 design units, including 1 entities, in source file /altera/luizagianshiro/registrador/flipflopt.vhd
    Info: Found design unit 1: flipflopT-flipflopTbehavior
    Info: Found entity 1: flipflopT
Info: Found 2 design units, including 1 entities, in source file contador.vhd
    Info: Found design unit 1: contador-hardwareContador
    Info: Found entity 1: contador
Info: Elaborating entity "contador" for the top level hierarchy
Warning (10541): VHDL Signal Declaration warning at contador.vhd(11): used implicit default value for signal "oLEDR" because signal was never assigned a value or an explicit default value. Use of implicit default value may introduce unintended design optimizations.
Warning (10873): Using initial value X (don't care) for net "oHEX0_D[7]" at contador.vhd(8)
Warning (10873): Using initial value X (don't care) for net "oHEX1_D[7]" at contador.vhd(9)
Info: Elaborating entity "flipflopT" for hierarchy "flipflopT:cont1"
Warning (10492): VHDL Process Statement warning at FlipFlopT.vhd(17): signal "iSW1" is read inside the Process Statement but isn't in the Process Statement's sensitivity list
Warning (10492): VHDL Process Statement warning at FlipFlopT.vhd(23): signal "iSW1" is read inside the Process Statement but isn't in the Process Statement's sensitivity list
Info: Elaborating entity "BinToHex8" for hierarchy "BinToHex8:hex"
Info: Elaborating entity "BinToHex4" for hierarchy "BinToHex8:hex|BinToHex4:display1"
Warning: Output pins are stuck at VCC or GND
    Warning (13410): Pin "oHEX0_D[7]" is stuck at GND
    Warning (13410): Pin "oHEX1_D[7]" is stuck at GND
    Warning (13410): Pin "oHEX0_DP" is stuck at VCC
    Warning (13410): Pin "oLEDR[0]" is stuck at GND
    Warning (13410): Pin "oLEDR[1]" is stuck at GND
    Warning (13410): Pin "oLEDR[2]" is stuck at GND
    Warning (13410): Pin "oLEDR[3]" is stuck at GND
    Warning (13410): Pin "oLEDR[4]" is stuck at GND
    Warning (13410): Pin "oLEDR[5]" is stuck at GND
    Warning (13410): Pin "oLEDR[6]" is stuck at GND
    Warning (13410): Pin "oLEDR[7]" is stuck at GND
    Warning (13410): Pin "oHEX1_DP" is stuck at VCC
Info: Implemented 56 device resources after synthesis - the final resource count might be different
    Info: Implemented 3 input pins
    Info: Implemented 26 output pins
    Info: Implemented 27 logic cells
Info: Quartus II Analysis & Synthesis was successful. 0 errors, 18 warnings
    Info: Peak virtual memory: 265 megabytes
    Info: Processing ended: Thu Nov 29 10:02:39 2018
    Info: Elapsed time: 00:00:02
    Info: Total CPU time (on all processors): 00:00:03


