Classic Timing Analyzer report for flipfloprs
Thu Oct 18 11:16:48 2018
Quartus II Version 9.1 Build 350 03/24/2010 Service Pack 2 SJ Web Edition


---------------------
; Table of Contents ;
---------------------
  1. Legal Notice
  2. Timing Analyzer Summary
  3. Timing Analyzer Settings
  4. Clock Settings Summary
  5. Parallel Compilation
  6. tsu
  7. tco
  8. th
  9. Timing Analyzer Messages



----------------
; Legal Notice ;
----------------
Copyright (C) 1991-2010 Altera Corporation
Your use of Altera Corporation's design tools, logic functions 
and other software and tools, and its AMPP partner logic 
functions, and any output files from any of the foregoing 
(including device programming or simulation files), and any 
associated documentation or information are expressly subject 
to the terms and conditions of the Altera Program License 
Subscription Agreement, Altera MegaCore Function License 
Agreement, or other applicable license agreement, including, 
without limitation, that your use is for the sole purpose of 
programming logic devices manufactured by Altera and sold by 
Altera or its authorized distributors.  Please refer to the 
applicable agreement for further details.



+--------------------------------------------------------------------------------------------------------------------------------+
; Timing Analyzer Summary                                                                                                        ;
+------------------------------+-------+---------------+-------------+---------+----------+------------+----------+--------------+
; Type                         ; Slack ; Required Time ; Actual Time ; From    ; To       ; From Clock ; To Clock ; Failed Paths ;
+------------------------------+-------+---------------+-------------+---------+----------+------------+----------+--------------+
; Worst-case tsu               ; N/A   ; None          ; 2.906 ns    ; iSW[0]  ; temp[0]  ; --         ; iKEY[0]  ; 0            ;
; Worst-case tco               ; N/A   ; None          ; 10.877 ns   ; temp[1] ; oLEDR[1] ; iKEY[0]    ; --       ; 0            ;
; Worst-case th                ; N/A   ; None          ; -2.615 ns   ; iSW[1]  ; temp[1]  ; --         ; iKEY[0]  ; 0            ;
; Total number of failed paths ;       ;               ;             ;         ;          ;            ;          ; 0            ;
+------------------------------+-------+---------------+-------------+---------+----------+------------+----------+--------------+


+-----------------------------------------------------------------------------------------------------------------------------------------------------+
; Timing Analyzer Settings                                                                                                                            ;
+------------------------------------------------------------------------------------------------------+--------------------+------+----+-------------+
; Option                                                                                               ; Setting            ; From ; To ; Entity Name ;
+------------------------------------------------------------------------------------------------------+--------------------+------+----+-------------+
; Device Name                                                                                          ; EP2C70F896C6       ;      ;    ;             ;
; Timing Models                                                                                        ; Final              ;      ;    ;             ;
; Default hold multicycle                                                                              ; Same as Multicycle ;      ;    ;             ;
; Cut paths between unrelated clock domains                                                            ; On                 ;      ;    ;             ;
; Cut off read during write signal paths                                                               ; On                 ;      ;    ;             ;
; Cut off feedback from I/O pins                                                                       ; On                 ;      ;    ;             ;
; Report Combined Fast/Slow Timing                                                                     ; Off                ;      ;    ;             ;
; Ignore Clock Settings                                                                                ; Off                ;      ;    ;             ;
; Analyze latches as synchronous elements                                                              ; On                 ;      ;    ;             ;
; Enable Recovery/Removal analysis                                                                     ; Off                ;      ;    ;             ;
; Enable Clock Latency                                                                                 ; Off                ;      ;    ;             ;
; Use TimeQuest Timing Analyzer                                                                        ; Off                ;      ;    ;             ;
; Minimum Core Junction Temperature                                                                    ; 0                  ;      ;    ;             ;
; Maximum Core Junction Temperature                                                                    ; 85                 ;      ;    ;             ;
; Number of source nodes to report per destination node                                                ; 10                 ;      ;    ;             ;
; Number of destination nodes to report                                                                ; 10                 ;      ;    ;             ;
; Number of paths to report                                                                            ; 200                ;      ;    ;             ;
; Report Minimum Timing Checks                                                                         ; Off                ;      ;    ;             ;
; Use Fast Timing Models                                                                               ; Off                ;      ;    ;             ;
; Report IO Paths Separately                                                                           ; Off                ;      ;    ;             ;
; Perform Multicorner Analysis                                                                         ; On                 ;      ;    ;             ;
; Reports the worst-case path for each clock domain and analysis                                       ; Off                ;      ;    ;             ;
; Reports worst-case timing paths for each clock domain and analysis                                   ; On                 ;      ;    ;             ;
; Specifies the maximum number of worst-case timing paths to report for each clock domain and analysis ; 100                ;      ;    ;             ;
; Removes common clock path pessimism (CCPP) during slack computation                                  ; Off                ;      ;    ;             ;
; Output I/O Timing Endpoint                                                                           ; Near End           ;      ;    ;             ;
+------------------------------------------------------------------------------------------------------+--------------------+------+----+-------------+


+------------------------------------------------------------------------------------------------------------------------------------------------------------------------------------+
; Clock Settings Summary                                                                                                                                                             ;
+-----------------+--------------------+----------+------------------+---------------+--------------+----------+-----------------------+---------------------+--------+--------------+
; Clock Node Name ; Clock Setting Name ; Type     ; Fmax Requirement ; Early Latency ; Late Latency ; Based on ; Multiply Base Fmax by ; Divide Base Fmax by ; Offset ; Phase offset ;
+-----------------+--------------------+----------+------------------+---------------+--------------+----------+-----------------------+---------------------+--------+--------------+
; iKEY[0]         ;                    ; User Pin ; None             ; 0.000 ns      ; 0.000 ns     ; --       ; N/A                   ; N/A                 ; N/A    ;              ;
+-----------------+--------------------+----------+------------------+---------------+--------------+----------+-----------------------+---------------------+--------+--------------+


Parallel compilation was disabled, but you have multiple processors available. Enable parallel compilation to reduce compilation time.
+-------------------------------------+
; Parallel Compilation                ;
+----------------------------+--------+
; Processors                 ; Number ;
+----------------------------+--------+
; Number detected on machine ; 4      ;
; Maximum allowed            ; 1      ;
+----------------------------+--------+


+-----------------------------------------------------------------+
; tsu                                                             ;
+-------+--------------+------------+--------+---------+----------+
; Slack ; Required tsu ; Actual tsu ; From   ; To      ; To Clock ;
+-------+--------------+------------+--------+---------+----------+
; N/A   ; None         ; 2.906 ns   ; iSW[0] ; temp[0] ; iKEY[0]  ;
; N/A   ; None         ; 2.845 ns   ; iSW[1] ; temp[1] ; iKEY[0]  ;
+-------+--------------+------------+--------+---------+----------+


+---------------------------------------------------------------------+
; tco                                                                 ;
+-------+--------------+------------+---------+----------+------------+
; Slack ; Required tco ; Actual tco ; From    ; To       ; From Clock ;
+-------+--------------+------------+---------+----------+------------+
; N/A   ; None         ; 10.877 ns  ; temp[1] ; oLEDR[1] ; iKEY[0]    ;
+-------+--------------+------------+---------+----------+------------+


+-----------------------------------------------------------------------+
; th                                                                    ;
+---------------+-------------+-----------+--------+---------+----------+
; Minimum Slack ; Required th ; Actual th ; From   ; To      ; To Clock ;
+---------------+-------------+-----------+--------+---------+----------+
; N/A           ; None        ; -2.615 ns ; iSW[1] ; temp[1] ; iKEY[0]  ;
; N/A           ; None        ; -2.676 ns ; iSW[0] ; temp[0] ; iKEY[0]  ;
+---------------+-------------+-----------+--------+---------+----------+


+--------------------------+
; Timing Analyzer Messages ;
+--------------------------+
Info: *******************************************************************
Info: Running Quartus II Classic Timing Analyzer
    Info: Version 9.1 Build 350 03/24/2010 Service Pack 2 SJ Web Edition
    Info: Processing started: Thu Oct 18 11:16:48 2018
Info: Command: quartus_tan --read_settings_files=off --write_settings_files=off flipfloprs -c flipfloprs --timing_analysis_only
Warning: Timing Analysis is analyzing one or more combinational loops as latches
    Warning: Node "latchsr:latch|SS~0" is a latch
Warning: Found pins functioning as undefined clocks and/or memory enables
    Info: Assuming node "iKEY[0]" is an undefined clock
Info: No valid register-to-register data paths exist for clock "iKEY[0]"
Info: tsu for register "temp[0]" (data pin = "iSW[0]", clock pin = "iKEY[0]") is 2.906 ns
    Info: + Longest pin to register delay is 5.960 ns
        Info: 1: + IC(0.000 ns) + CELL(0.822 ns) = 0.822 ns; Loc. = PIN_AA23; Fanout = 1; PIN Node = 'iSW[0]'
        Info: 2: + IC(4.772 ns) + CELL(0.366 ns) = 5.960 ns; Loc. = LCFF_X94_Y10_N19; Fanout = 1; REG Node = 'temp[0]'
        Info: Total cell delay = 1.188 ns ( 19.93 % )
        Info: Total interconnect delay = 4.772 ns ( 80.07 % )
    Info: + Micro setup delay of destination is -0.036 ns
    Info: - Shortest clock path from clock "iKEY[0]" to destination register is 3.018 ns
        Info: 1: + IC(0.000 ns) + CELL(0.842 ns) = 0.842 ns; Loc. = PIN_T29; Fanout = 2; CLK Node = 'iKEY[0]'
        Info: 2: + IC(1.639 ns) + CELL(0.537 ns) = 3.018 ns; Loc. = LCFF_X94_Y10_N19; Fanout = 1; REG Node = 'temp[0]'
        Info: Total cell delay = 1.379 ns ( 45.69 % )
        Info: Total interconnect delay = 1.639 ns ( 54.31 % )
Info: tco from clock "iKEY[0]" to destination pin "oLEDR[1]" through register "temp[1]" is 10.877 ns
    Info: + Longest clock path from clock "iKEY[0]" to source register is 3.018 ns
        Info: 1: + IC(0.000 ns) + CELL(0.842 ns) = 0.842 ns; Loc. = PIN_T29; Fanout = 2; CLK Node = 'iKEY[0]'
        Info: 2: + IC(1.639 ns) + CELL(0.537 ns) = 3.018 ns; Loc. = LCFF_X94_Y10_N17; Fanout = 2; REG Node = 'temp[1]'
        Info: Total cell delay = 1.379 ns ( 45.69 % )
        Info: Total interconnect delay = 1.639 ns ( 54.31 % )
    Info: + Micro clock to output delay of source is 0.250 ns
    Info: + Longest register to pin delay is 7.609 ns
        Info: 1: + IC(0.000 ns) + CELL(0.000 ns) = 0.000 ns; Loc. = LCFF_X94_Y10_N17; Fanout = 2; REG Node = 'temp[1]'
        Info: 2: + IC(0.000 ns) + CELL(0.323 ns) = 0.323 ns; Loc. = LCCOMB_X94_Y10_N16; Fanout = 1; COMB Node = 'latchsr:latch|SR~0'
        Info: 3: + IC(4.468 ns) + CELL(2.818 ns) = 7.609 ns; Loc. = PIN_AK5; Fanout = 0; PIN Node = 'oLEDR[1]'
        Info: Total cell delay = 3.141 ns ( 41.28 % )
        Info: Total interconnect delay = 4.468 ns ( 58.72 % )
Info: th for register "temp[1]" (data pin = "iSW[1]", clock pin = "iKEY[0]") is -2.615 ns
    Info: + Longest clock path from clock "iKEY[0]" to destination register is 3.018 ns
        Info: 1: + IC(0.000 ns) + CELL(0.842 ns) = 0.842 ns; Loc. = PIN_T29; Fanout = 2; CLK Node = 'iKEY[0]'
        Info: 2: + IC(1.639 ns) + CELL(0.537 ns) = 3.018 ns; Loc. = LCFF_X94_Y10_N17; Fanout = 2; REG Node = 'temp[1]'
        Info: Total cell delay = 1.379 ns ( 45.69 % )
        Info: Total interconnect delay = 1.639 ns ( 54.31 % )
    Info: + Micro hold delay of destination is 0.266 ns
    Info: - Shortest pin to register delay is 5.899 ns
        Info: 1: + IC(0.000 ns) + CELL(0.832 ns) = 0.832 ns; Loc. = PIN_AB26; Fanout = 1; PIN Node = 'iSW[1]'
        Info: 2: + IC(4.701 ns) + CELL(0.366 ns) = 5.899 ns; Loc. = LCFF_X94_Y10_N17; Fanout = 2; REG Node = 'temp[1]'
        Info: Total cell delay = 1.198 ns ( 20.31 % )
        Info: Total interconnect delay = 4.701 ns ( 79.69 % )
Info: Quartus II Classic Timing Analyzer was successful. 0 errors, 3 warnings
    Info: Peak virtual memory: 196 megabytes
    Info: Processing ended: Thu Oct 18 11:16:48 2018
    Info: Elapsed time: 00:00:00
    Info: Total CPU time (on all processors): 00:00:00


