Classic Timing Analyzer report for BinToHex8
Thu Oct 25 10:20:24 2018
Quartus II Version 9.1 Build 350 03/24/2010 Service Pack 2 SJ Web Edition


---------------------
; Table of Contents ;
---------------------
  1. Legal Notice
  2. Timing Analyzer Summary
  3. Timing Analyzer Settings
  4. Parallel Compilation
  5. tpd
  6. Timing Analyzer Messages



----------------
; Legal Notice ;
----------------
Copyright (C) 1991-2010 Altera Corporation
Your use of Altera Corporation's design tools, logic functions 
and other software and tools, and its AMPP partner logic 
functions, and any output files from any of the foregoing 
(including device programming or simulation files), and any 
associated documentation or information are expressly subject 
to the terms and conditions of the Altera Program License 
Subscription Agreement, Altera MegaCore Function License 
Agreement, or other applicable license agreement, including, 
without limitation, that your use is for the sole purpose of 
programming logic devices manufactured by Altera and sold by 
Altera or its authorized distributors.  Please refer to the 
applicable agreement for further details.



+---------------------------------------------------------------------------------------------------------------------------------+
; Timing Analyzer Summary                                                                                                         ;
+------------------------------+-------+---------------+-------------+--------+------------+------------+----------+--------------+
; Type                         ; Slack ; Required Time ; Actual Time ; From   ; To         ; From Clock ; To Clock ; Failed Paths ;
+------------------------------+-------+---------------+-------------+--------+------------+------------+----------+--------------+
; Worst-case tpd               ; N/A   ; None          ; 12.599 ns   ; iSW[0] ; oHEX0_D[0] ; --         ; --       ; 0            ;
; Total number of failed paths ;       ;               ;             ;        ;            ;            ;          ; 0            ;
+------------------------------+-------+---------------+-------------+--------+------------+------------+----------+--------------+


+-----------------------------------------------------------------------------------------------------------------------------------------------------+
; Timing Analyzer Settings                                                                                                                            ;
+------------------------------------------------------------------------------------------------------+--------------------+------+----+-------------+
; Option                                                                                               ; Setting            ; From ; To ; Entity Name ;
+------------------------------------------------------------------------------------------------------+--------------------+------+----+-------------+
; Device Name                                                                                          ; EP2C70F896C6       ;      ;    ;             ;
; Timing Models                                                                                        ; Final              ;      ;    ;             ;
; Default hold multicycle                                                                              ; Same as Multicycle ;      ;    ;             ;
; Cut paths between unrelated clock domains                                                            ; On                 ;      ;    ;             ;
; Cut off read during write signal paths                                                               ; On                 ;      ;    ;             ;
; Cut off feedback from I/O pins                                                                       ; On                 ;      ;    ;             ;
; Report Combined Fast/Slow Timing                                                                     ; Off                ;      ;    ;             ;
; Ignore Clock Settings                                                                                ; Off                ;      ;    ;             ;
; Analyze latches as synchronous elements                                                              ; On                 ;      ;    ;             ;
; Enable Recovery/Removal analysis                                                                     ; Off                ;      ;    ;             ;
; Enable Clock Latency                                                                                 ; Off                ;      ;    ;             ;
; Use TimeQuest Timing Analyzer                                                                        ; Off                ;      ;    ;             ;
; Minimum Core Junction Temperature                                                                    ; 0                  ;      ;    ;             ;
; Maximum Core Junction Temperature                                                                    ; 85                 ;      ;    ;             ;
; Number of source nodes to report per destination node                                                ; 10                 ;      ;    ;             ;
; Number of destination nodes to report                                                                ; 10                 ;      ;    ;             ;
; Number of paths to report                                                                            ; 200                ;      ;    ;             ;
; Report Minimum Timing Checks                                                                         ; Off                ;      ;    ;             ;
; Use Fast Timing Models                                                                               ; Off                ;      ;    ;             ;
; Report IO Paths Separately                                                                           ; Off                ;      ;    ;             ;
; Perform Multicorner Analysis                                                                         ; On                 ;      ;    ;             ;
; Reports the worst-case path for each clock domain and analysis                                       ; Off                ;      ;    ;             ;
; Reports worst-case timing paths for each clock domain and analysis                                   ; On                 ;      ;    ;             ;
; Specifies the maximum number of worst-case timing paths to report for each clock domain and analysis ; 100                ;      ;    ;             ;
; Removes common clock path pessimism (CCPP) during slack computation                                  ; Off                ;      ;    ;             ;
; Output I/O Timing Endpoint                                                                           ; Near End           ;      ;    ;             ;
+------------------------------------------------------------------------------------------------------+--------------------+------+----+-------------+


Parallel compilation was disabled, but you have multiple processors available. Enable parallel compilation to reduce compilation time.
+-------------------------------------+
; Parallel Compilation                ;
+----------------------------+--------+
; Processors                 ; Number ;
+----------------------------+--------+
; Number detected on machine ; 4      ;
; Maximum allowed            ; 1      ;
+----------------------------+--------+


+-------------------------------------------------------------------+
; tpd                                                               ;
+-------+-------------------+-----------------+--------+------------+
; Slack ; Required P2P Time ; Actual P2P Time ; From   ; To         ;
+-------+-------------------+-----------------+--------+------------+
; N/A   ; None              ; 12.599 ns       ; iSW[0] ; oHEX0_D[0] ;
; N/A   ; None              ; 12.560 ns       ; iSW[1] ; oHEX0_D[0] ;
; N/A   ; None              ; 12.391 ns       ; iSW[3] ; oHEX0_D[0] ;
; N/A   ; None              ; 12.349 ns       ; iSW[2] ; oHEX0_D[0] ;
; N/A   ; None              ; 11.955 ns       ; iSW[0] ; oHEX0_D[1] ;
; N/A   ; None              ; 11.936 ns       ; iSW[1] ; oHEX0_D[1] ;
; N/A   ; None              ; 11.749 ns       ; iSW[3] ; oHEX0_D[1] ;
; N/A   ; None              ; 11.712 ns       ; iSW[0] ; oHEX0_D[3] ;
; N/A   ; None              ; 11.703 ns       ; iSW[1] ; oHEX0_D[3] ;
; N/A   ; None              ; 11.703 ns       ; iSW[2] ; oHEX0_D[1] ;
; N/A   ; None              ; 11.638 ns       ; iSW[6] ; oHEX1_D[0] ;
; N/A   ; None              ; 11.613 ns       ; iSW[7] ; oHEX1_D[0] ;
; N/A   ; None              ; 11.502 ns       ; iSW[3] ; oHEX0_D[3] ;
; N/A   ; None              ; 11.478 ns       ; iSW[0] ; oHEX0_D[4] ;
; N/A   ; None              ; 11.462 ns       ; iSW[0] ; oHEX0_D[5] ;
; N/A   ; None              ; 11.462 ns       ; iSW[1] ; oHEX0_D[4] ;
; N/A   ; None              ; 11.461 ns       ; iSW[5] ; oHEX1_D[0] ;
; N/A   ; None              ; 11.461 ns       ; iSW[2] ; oHEX0_D[3] ;
; N/A   ; None              ; 11.454 ns       ; iSW[1] ; oHEX0_D[5] ;
; N/A   ; None              ; 11.422 ns       ; iSW[4] ; oHEX1_D[0] ;
; N/A   ; None              ; 11.270 ns       ; iSW[3] ; oHEX0_D[4] ;
; N/A   ; None              ; 11.255 ns       ; iSW[3] ; oHEX0_D[5] ;
; N/A   ; None              ; 11.245 ns       ; iSW[1] ; oHEX0_D[2] ;
; N/A   ; None              ; 11.237 ns       ; iSW[0] ; oHEX0_D[6] ;
; N/A   ; None              ; 11.237 ns       ; iSW[0] ; oHEX0_D[2] ;
; N/A   ; None              ; 11.226 ns       ; iSW[1] ; oHEX0_D[6] ;
; N/A   ; None              ; 11.224 ns       ; iSW[2] ; oHEX0_D[4] ;
; N/A   ; None              ; 11.212 ns       ; iSW[2] ; oHEX0_D[5] ;
; N/A   ; None              ; 11.058 ns       ; iSW[3] ; oHEX0_D[2] ;
; N/A   ; None              ; 11.030 ns       ; iSW[3] ; oHEX0_D[6] ;
; N/A   ; None              ; 11.012 ns       ; iSW[2] ; oHEX0_D[2] ;
; N/A   ; None              ; 10.986 ns       ; iSW[2] ; oHEX0_D[6] ;
; N/A   ; None              ; 10.924 ns       ; iSW[7] ; oHEX1_D[1] ;
; N/A   ; None              ; 10.917 ns       ; iSW[6] ; oHEX1_D[1] ;
; N/A   ; None              ; 10.741 ns       ; iSW[5] ; oHEX1_D[1] ;
; N/A   ; None              ; 10.701 ns       ; iSW[4] ; oHEX1_D[1] ;
; N/A   ; None              ; 10.691 ns       ; iSW[7] ; oHEX1_D[3] ;
; N/A   ; None              ; 10.690 ns       ; iSW[6] ; oHEX1_D[3] ;
; N/A   ; None              ; 10.671 ns       ; iSW[7] ; oHEX1_D[2] ;
; N/A   ; None              ; 10.669 ns       ; iSW[6] ; oHEX1_D[2] ;
; N/A   ; None              ; 10.514 ns       ; iSW[5] ; oHEX1_D[3] ;
; N/A   ; None              ; 10.489 ns       ; iSW[5] ; oHEX1_D[2] ;
; N/A   ; None              ; 10.474 ns       ; iSW[4] ; oHEX1_D[3] ;
; N/A   ; None              ; 10.449 ns       ; iSW[4] ; oHEX1_D[2] ;
; N/A   ; None              ; 10.425 ns       ; iSW[6] ; oHEX1_D[4] ;
; N/A   ; None              ; 10.422 ns       ; iSW[6] ; oHEX1_D[6] ;
; N/A   ; None              ; 10.413 ns       ; iSW[7] ; oHEX1_D[6] ;
; N/A   ; None              ; 10.382 ns       ; iSW[7] ; oHEX1_D[4] ;
; N/A   ; None              ; 10.244 ns       ; iSW[5] ; oHEX1_D[4] ;
; N/A   ; None              ; 10.242 ns       ; iSW[5] ; oHEX1_D[6] ;
; N/A   ; None              ; 10.200 ns       ; iSW[6] ; oHEX1_D[5] ;
; N/A   ; None              ; 10.198 ns       ; iSW[4] ; oHEX1_D[4] ;
; N/A   ; None              ; 10.196 ns       ; iSW[4] ; oHEX1_D[6] ;
; N/A   ; None              ; 10.183 ns       ; iSW[7] ; oHEX1_D[5] ;
; N/A   ; None              ; 10.043 ns       ; iSW[5] ; oHEX1_D[5] ;
; N/A   ; None              ; 9.997 ns        ; iSW[4] ; oHEX1_D[5] ;
+-------+-------------------+-----------------+--------+------------+


+--------------------------+
; Timing Analyzer Messages ;
+--------------------------+
Info: *******************************************************************
Info: Running Quartus II Classic Timing Analyzer
    Info: Version 9.1 Build 350 03/24/2010 Service Pack 2 SJ Web Edition
    Info: Processing started: Thu Oct 25 10:20:24 2018
Info: Command: quartus_tan --read_settings_files=off --write_settings_files=off BinToHex8 -c BinToHex8 --timing_analysis_only
Info: Longest tpd from source pin "iSW[0]" to destination pin "oHEX0_D[0]" is 12.599 ns
    Info: 1: + IC(0.000 ns) + CELL(0.822 ns) = 0.822 ns; Loc. = PIN_AA23; Fanout = 7; PIN Node = 'iSW[0]'
    Info: 2: + IC(6.552 ns) + CELL(0.438 ns) = 7.812 ns; Loc. = LCCOMB_X24_Y4_N8; Fanout = 1; COMB Node = 'BinToHex4:display1|oHEX0_D[0]~0'
    Info: 3: + IC(2.019 ns) + CELL(2.768 ns) = 12.599 ns; Loc. = PIN_AE8; Fanout = 0; PIN Node = 'oHEX0_D[0]'
    Info: Total cell delay = 4.028 ns ( 31.97 % )
    Info: Total interconnect delay = 8.571 ns ( 68.03 % )
Info: Quartus II Classic Timing Analyzer was successful. 0 errors, 0 warnings
    Info: Peak virtual memory: 196 megabytes
    Info: Processing ended: Thu Oct 25 10:20:24 2018
    Info: Elapsed time: 00:00:00
    Info: Total CPU time (on all processors): 00:00:00


