Flow report for RAM1Port
Thu Dec 20 09:57:06 2018
Quartus II Version 9.1 Build 350 03/24/2010 Service Pack 2 SJ Web Edition


---------------------
; Table of Contents ;
---------------------
  1. Legal Notice
  2. Flow Summary
  3. Flow Settings
  4. Flow Non-Default Global Settings
  5. Flow Elapsed Time
  6. Flow OS Summary
  7. Flow Log



----------------
; Legal Notice ;
----------------
Copyright (C) 1991-2010 Altera Corporation
Your use of Altera Corporation's design tools, logic functions 
and other software and tools, and its AMPP partner logic 
functions, and any output files from any of the foregoing 
(including device programming or simulation files), and any 
associated documentation or information are expressly subject 
to the terms and conditions of the Altera Program License 
Subscription Agreement, Altera MegaCore Function License 
Agreement, or other applicable license agreement, including, 
without limitation, that your use is for the sole purpose of 
programming logic devices manufactured by Altera and sold by 
Altera or its authorized distributors.  Please refer to the 
applicable agreement for further details.



+-----------------------------------------------------------------------------------+
; Flow Summary                                                                      ;
+------------------------------------+----------------------------------------------+
; Flow Status                        ; Successful - Thu Dec 20 09:57:06 2018        ;
; Quartus II Version                 ; 9.1 Build 350 03/24/2010 SP 2 SJ Web Edition ;
; Revision Name                      ; RAM1Port                                     ;
; Top-level Entity Name              ; RAM1Port                                     ;
; Family                             ; Cyclone II                                   ;
; Device                             ; EP2C70F896C6                                 ;
; Timing Models                      ; Final                                        ;
; Met timing requirements            ; Yes                                          ;
; Total logic elements               ; 0 / 68,416 ( 0 % )                           ;
;     Total combinational functions  ; 0 / 68,416 ( 0 % )                           ;
;     Dedicated logic registers      ; 0 / 68,416 ( 0 % )                           ;
; Total registers                    ; 0                                            ;
; Total pins                         ; 14 / 622 ( 2 % )                             ;
; Total virtual pins                 ; 0                                            ;
; Total memory bits                  ; 64 / 1,152,000 ( < 1 % )                     ;
; Embedded Multiplier 9-bit elements ; 0 / 300 ( 0 % )                              ;
; Total PLLs                         ; 0 / 4 ( 0 % )                                ;
+------------------------------------+----------------------------------------------+


+-----------------------------------------+
; Flow Settings                           ;
+-------------------+---------------------+
; Option            ; Setting             ;
+-------------------+---------------------+
; Start date & time ; 12/20/2018 09:56:43 ;
; Main task         ; Compilation         ;
; Revision Name     ; RAM1Port            ;
+-------------------+---------------------+


+---------------------------------------------------------------------------------------------------------------------+
; Flow Non-Default Global Settings                                                                                    ;
+------------------------------------+---------------------------------+---------------+-------------+----------------+
; Assignment Name                    ; Value                           ; Default Value ; Entity Name ; Section Id     ;
+------------------------------------+---------------------------------+---------------+-------------+----------------+
; COMPILER_SIGNATURE_ID              ; 119779289016824.154530700304964 ; --            ; --          ; --             ;
; IP_TOOL_NAME                       ; RAM: 1-PORT                     ; --            ; --          ; --             ;
; IP_TOOL_VERSION                    ; 9.1                             ; --            ; --          ; --             ;
; MAX_CORE_JUNCTION_TEMP             ; 85                              ; --            ; --          ; --             ;
; MIN_CORE_JUNCTION_TEMP             ; 0                               ; --            ; --          ; --             ;
; MISC_FILE                          ; RAM1Port.cmp                    ; --            ; --          ; --             ;
; PARTITION_COLOR                    ; 16764057                        ; --            ; --          ; Top            ;
; PARTITION_NETLIST_TYPE             ; SOURCE                          ; --            ; --          ; Top            ;
; USE_GENERATED_PHYSICAL_CONSTRAINTS ; Off                             ; --            ; --          ; eda_blast_fpga ;
+------------------------------------+---------------------------------+---------------+-------------+----------------+


+-----------------------------------------------------------------------------------------------------------------------------+
; Flow Elapsed Time                                                                                                           ;
+-------------------------+--------------+-------------------------+---------------------+------------------------------------+
; Module Name             ; Elapsed Time ; Average Processors Used ; Peak Virtual Memory ; Total CPU Time (on all processors) ;
+-------------------------+--------------+-------------------------+---------------------+------------------------------------+
; Analysis & Synthesis    ; 00:00:02     ; 1.0                     ; 273 MB              ; 00:00:02                           ;
; Fitter                  ; 00:00:12     ; 1.0                     ; 376 MB              ; 00:00:14                           ;
; Assembler               ; 00:00:05     ; 1.0                     ; 350 MB              ; 00:00:05                           ;
; Classic Timing Analyzer ; 00:00:00     ; 1.0                     ; 182 MB              ; 00:00:00                           ;
; Total                   ; 00:00:19     ; --                      ; --                  ; 00:00:21                           ;
+-------------------------+--------------+-------------------------+---------------------+------------------------------------+


+------------------------------------------------------------------------------------------+
; Flow OS Summary                                                                          ;
+-------------------------+------------------+---------------+------------+----------------+
; Module Name             ; Machine Hostname ; OS Name       ; OS Version ; Processor type ;
+-------------------------+------------------+---------------+------------+----------------+
; Analysis & Synthesis    ; r07l23           ; Windows Vista ; 6.2        ; x86_64         ;
; Fitter                  ; r07l23           ; Windows Vista ; 6.2        ; x86_64         ;
; Assembler               ; r07l23           ; Windows Vista ; 6.2        ; x86_64         ;
; Classic Timing Analyzer ; r07l23           ; Windows Vista ; 6.2        ; x86_64         ;
+-------------------------+------------------+---------------+------------+----------------+


------------
; Flow Log ;
------------
quartus_map --read_settings_files=on --write_settings_files=off RAM1Port -c RAM1Port
quartus_fit --read_settings_files=off --write_settings_files=off RAM1Port -c RAM1Port
quartus_asm --read_settings_files=off --write_settings_files=off RAM1Port -c RAM1Port
quartus_tan --read_settings_files=off --write_settings_files=off RAM1Port -c RAM1Port --timing_analysis_only



